#
# A fatal error has been detected by the Java Runtime Environment:
#
#  SIGBUS (0x7) at pc=0x00b64fd0, pid=8753, tid=3013938032
#
# JRE version: 6.0_24-b24
# Java VM: OpenJDK Client VM (20.0-b12 mixed mode, sharing linux-x86 )
# Derivative: IcedTea6 1.11.3
# Distribution: Ubuntu 11.10, package 6b24-1.11.3-1ubuntu0.11.10.1
# Problematic frame:
# 
[error occurred during error reporting (printing problematic frame), id 0x7]

# If you would like to submit a bug report, please include
# instructions how to reproduce the bug and visit:
#   https://bugs.launchpad.net/ubuntu/+source/openjdk-6/
# The crash happened outside the Java Virtual Machine in native code.
# See problematic frame for where to report the bug.
#

---------------  T H R E A D  ---------------

Current thread (0xb4cb1400):  JavaThread "LWJGL Application" [_thread_in_native, id=8773, stack(0xb3a00000,0xb3a51000)]

siginfo:si_signo=SIGBUS: si_errno=0, si_code=2 (BUS_ADRERR), si_addr=0x00b64fd0

Registers:
EAX=0xb3a4fe84, EBX=0x00000000, ECX=0x7a46fbb8, EDX=0xb4cb1520
ESP=0xb3a4fe6c, EBP=0xb3a4fe98, ESI=0xb3a4fe88, EDI=0xb4cb1400
EIP=0x00b64fd0, EFLAGS=0x00210246, CR2=0x00b64fd0

Top of Stack: (sp=0xb3a4fe6c)
0xb3a4fe6c:   b587d83c b4cb1520 b3a4fe88 b3a4fe80
0xb3a4fe7c:   b3a4fe84 7a46fbb8 7a46fb18 8fadacf8
0xb3a4fe8c:   02367ff4 00000000 0a04d408 b3a50000
0xb3a4fe9c:   b588f842 0a04d408 00000002 b3a4fec8
0xb3a4feac:   0052263d b4cb1520 00004000 010381c7
0xb3a4febc:   0a04d408 7a44f1b8 00000000 b3a4ff18
0xb3a4fecc:   00000000 b3a4ff1c b4cb1400 b3a50000
0xb3a4fedc:   b588dd5e 00004000 7a44e0f8 b3a4ff28 

Instructions: (pc=0x00b64fd0)
0x00b64fb0:   00 00 0f b6 95 20 ff ff ff 81 c4 ec 00 00 00 5b
0x00b64fc0:   5e 5f 89 d0 5d c3 8d 76 00 8d bc 27 00 00 00 00
0x00b64fd0:   55 89 e5 57 56 81 ec 90 00 00 00 8b 7d 08 8b 55
0x00b64fe0:   10 8b 07 89 95 7c ff ff ff 89 54 24 04 89 3c 24 

Register to memory mapping:

EAX=0xb3a4fe84 is pointing into the stack for thread: 0xb4cb1400
EBX=0x00000000 is an unknown value
ECX=0x7a46fbb8 is an oop
[F 
 - klass: {type array float}
 - length: 16
EDX=0xb4cb1520 is an unknown value
ESP=0xb3a4fe6c is pointing into the stack for thread: 0xb4cb1400
EBP=0xb3a4fe98 is pointing into the stack for thread: 0xb4cb1400
ESI=0xb3a4fe88 is pointing into the stack for thread: 0xb4cb1400
EDI=0xb4cb1400 is a thread


Stack: [0xb3a00000,0xb3a51000],  sp=0xb3a4fe6c,  free space=319k
Native frames: (J=compiled Java code, j=interpreted, Vv=VM code, C=native code)

[error occurred during error reporting (printing native stack), id 0x7]

Java frames: (J=compiled Java code, j=interpreted, Vv=VM code)
J  com.badlogic.gdx.math.Matrix4.mul([F[F)V
J  com.badlogic.gdx.graphics.glutils.ShapeRenderer.begin(Lcom/badlogic/gdx/graphics/glutils/ShapeRenderer$ShapeType;)V
J  bullethell.view.WorldRenderer.drawDebug()V
J  bullethell.screens.GameScreen.render(F)V
J  com.badlogic.gdx.Game.render()V
j  com.badlogic.gdx.backends.lwjgl.LwjglApplication.mainLoop()V+469
j  com.badlogic.gdx.backends.lwjgl.LwjglApplication$1.run()V+27
v  ~StubRoutines::call_stub

---------------  P R O C E S S  ---------------

Java Threads: ( => current thread )
  0xb4cd5400 JavaThread "DestroyJavaVM" [_thread_blocked, id=8759, stack(0xb7791000,0xb77e2000)]
=>0xb4cb1400 JavaThread "LWJGL Application" [_thread_in_native, id=8773, stack(0xb3a00000,0xb3a51000)]
  0xb4ca6800 JavaThread "AWT-XAWT" daemon [_thread_in_native, id=8768, stack(0xb4a7c000,0xb4acd000)]
  0xb4c5bc00 JavaThread "Java2D Disposer" daemon [_thread_blocked, id=8767, stack(0xb4d26000,0xb4d77000)]
  0x09f60c00 JavaThread "Low Memory Detector" daemon [_thread_blocked, id=8765, stack(0xb4e1a000,0xb4e6b000)]
  0x09f5ec00 JavaThread "C1 CompilerThread0" daemon [_thread_blocked, id=8764, stack(0xb4e6b000,0xb4eec000)]
  0x09f5d000 JavaThread "Signal Dispatcher" daemon [_thread_blocked, id=8763, stack(0xb4eec000,0xb4f3d000)]
  0x09f55800 JavaThread "Finalizer" daemon [_thread_blocked, id=8762, stack(0xb522c000,0xb527d000)]
  0x09f54400 JavaThread "Reference Handler" daemon [_thread_blocked, id=8761, stack(0xb527d000,0xb52ce000)]

Other Threads:
  0x09f52400 VMThread [stack: 0xb52ce000,0xb534f000] [id=8760]
  0x09f6c800 WatcherThread [stack: 0xb4d99000,0xb4e1a000] [id=8766]

VM state:not at safepoint (normal execution)

VM Mutex/Monitor currently owned by a thread: None

Heap
 def new generation   total 4928K, used 901K [0x6f8f0000, 0x6fe40000, 0x7a390000)
  eden space 4416K,  18% used [0x6f8f0000, 0x6f9bab38, 0x6fd40000)
  from space 512K,  17% used [0x6fdc0000, 0x6fdd6ae0, 0x6fe40000)
  to   space 512K,   0% used [0x6fd40000, 0x6fd40000, 0x6fdc0000)
 tenured generation   total 10944K, used 928K [0x7a390000, 0x7ae40000, 0x8f8f0000)
   the space 10944K,   8% used [0x7a390000, 0x7a4781f8, 0x7a478200, 0x7ae40000)
 compacting perm gen  total 12288K, used 2266K [0x8f8f0000, 0x904f0000, 0x938f0000)
   the space 12288K,  18% used [0x8f8f0000, 0x8fb26978, 0x8fb26a00, 0x904f0000)
    ro space 10240K,  73% used [0x938f0000, 0x94050da0, 0x94050e00, 0x942f0000)
    rw space 12288K,  60% used [0x942f0000, 0x94a3a478, 0x94a3a600, 0x94ef0000)

Code Cache  [0xb5791000, 0xb5899000, 0xb7791000)
 total_blobs=652 nmethods=360 adapters=228 free_code_cache=32487680 largest_free_block=64

Dynamic libraries:
00110000-00288000 r-xp 00000000 08:01 7078042    /lib/i386-linux-gnu/libc-2.13.so
00288000-0028a000 r--p 00178000 08:01 7078042    /lib/i386-linux-gnu/libc-2.13.so
0028a000-0028b000 rw-p 0017a000 08:01 7078042    /lib/i386-linux-gnu/libc-2.13.so
0028b000-0028e000 rw-p 00000000 00:00 0 
0028e000-0036c000 r-xp 00000000 08:01 2102652    /usr/lib/i386-linux-gnu/libstdc++.so.6.0.16
0036c000-0036d000 ---p 000de000 08:01 2102652    /usr/lib/i386-linux-gnu/libstdc++.so.6.0.16
0036d000-00371000 r--p 000de000 08:01 2102652    /usr/lib/i386-linux-gnu/libstdc++.so.6.0.16
00371000-00372000 rw-p 000e2000 08:01 2102652    /usr/lib/i386-linux-gnu/libstdc++.so.6.0.16
00372000-00379000 rw-p 00000000 00:00 0 
00379000-00384000 r-xp 00000000 08:01 2112862    /usr/lib/jvm/java-6-openjdk/jre/lib/i386/libverify.so
00384000-00385000 ---p 0000b000 08:01 2112862    /usr/lib/jvm/java-6-openjdk/jre/lib/i386/libverify.so
00385000-00386000 r--p 0000b000 08:01 2112862    /usr/lib/jvm/java-6-openjdk/jre/lib/i386/libverify.so
00386000-00387000 rw-p 0000c000 08:01 2112862    /usr/lib/jvm/java-6-openjdk/jre/lib/i386/libverify.so
00387000-0038f000 r-xp 00000000 08:01 7078948    /lib/i386-linux-gnu/libnss_compat-2.13.so
0038f000-00390000 r--p 00007000 08:01 7078948    /lib/i386-linux-gnu/libnss_compat-2.13.so
00390000-00391000 rw-p 00008000 08:01 7078948    /lib/i386-linux-gnu/libnss_compat-2.13.so
00391000-00398000 r-xp 00000000 08:01 2112856    /usr/lib/jvm/java-6-openjdk/jre/lib/i386/libzip.so
00398000-00399000 r--p 00006000 08:01 2112856    /usr/lib/jvm/java-6-openjdk/jre/lib/i386/libzip.so
00399000-0039a000 rw-p 00007000 08:01 2112856    /usr/lib/jvm/java-6-openjdk/jre/lib/i386/libzip.so
0039a000-003ab000 r-xp 00000000 08:01 2102399    /usr/lib/i386-linux-gnu/libXext.so.6.4.0
003ab000-003ac000 r--p 00010000 08:01 2102399    /usr/lib/i386-linux-gnu/libXext.so.6.4.0
003ac000-003ad000 rw-p 00011000 08:01 2102399    /usr/lib/i386-linux-gnu/libXext.so.6.4.0
003ad000-003bb000 r-xp 00000000 08:01 2099275    /usr/lib/i386-linux-gnu/libXi.so.6.1.0
003bb000-003bc000 r--p 0000d000 08:01 2099275    /usr/lib/i386-linux-gnu/libXi.so.6.1.0
003bc000-003bd000 rw-p 0000e000 08:01 2099275    /usr/lib/i386-linux-gnu/libXi.so.6.1.0
003bd000-003bf000 r-xp 00000000 08:01 2102389    /usr/lib/i386-linux-gnu/libXau.so.6.0.0
003bf000-003c0000 r--p 00001000 08:01 2102389    /usr/lib/i386-linux-gnu/libXau.so.6.0.0
003c0000-003c1000 rw-p 00002000 08:01 2102389    /usr/lib/i386-linux-gnu/libXau.so.6.0.0
003c1000-003c3000 r-xp 00000000 08:01 2102395    /usr/lib/i386-linux-gnu/libXdamage.so.1.1.0
003c3000-003c4000 r--p 00001000 08:01 2102395    /usr/lib/i386-linux-gnu/libXdamage.so.1.1.0
003c4000-003c5000 rw-p 00002000 08:01 2102395    /usr/lib/i386-linux-gnu/libXdamage.so.1.1.0
003c5000-003c6000 rwxp 00000000 00:00 0 
003c6000-00459000 r-xp 00000000 08:01 2112861    /usr/lib/jvm/java-6-openjdk/jre/lib/i386/libawt.so
00459000-0045a000 r--p 00092000 08:01 2112861    /usr/lib/jvm/java-6-openjdk/jre/lib/i386/libawt.so
0045a000-00461000 rw-p 00093000 08:01 2112861    /usr/lib/jvm/java-6-openjdk/jre/lib/i386/libawt.so
00461000-00485000 rw-p 00000000 00:00 0 
00485000-0048a000 r-xp 00000000 08:01 2102397    /usr/lib/i386-linux-gnu/libXdmcp.so.6.0.0
0048a000-0048b000 r--p 00004000 08:01 2102397    /usr/lib/i386-linux-gnu/libXdmcp.so.6.0.0
0048b000-0048c000 rw-p 00005000 08:01 2102397    /usr/lib/i386-linux-gnu/libXdmcp.so.6.0.0
0048c000-004c6000 r-xp 00000000 08:01 2114519    /usr/lib/jvm/java-6-openjdk/jre/lib/i386/libfontmanager.so
004c6000-004c7000 r--p 00039000 08:01 2114519    /usr/lib/jvm/java-6-openjdk/jre/lib/i386/libfontmanager.so
004c7000-004c8000 rw-p 0003a000 08:01 2114519    /usr/lib/jvm/java-6-openjdk/jre/lib/i386/libfontmanager.so
004cf000-004eb000 r-xp 00000000 08:01 7078842    /lib/i386-linux-gnu/libgcc_s.so.1
004eb000-004ec000 r--p 0001b000 08:01 7078842    /lib/i386-linux-gnu/libgcc_s.so.1
004ec000-004ed000 rw-p 0001c000 08:01 7078842    /lib/i386-linux-gnu/libgcc_s.so.1
004ed000-00539000 r-xp 00000000 08:01 2236800    /usr/lib/jvm/java-6-openjdk/jre/lib/i386/xawt/libmawt.so
00539000-0053a000 r--p 0004b000 08:01 2236800    /usr/lib/jvm/java-6-openjdk/jre/lib/i386/xawt/libmawt.so
0053a000-0053c000 rw-p 0004c000 08:01 2236800    /usr/lib/jvm/java-6-openjdk/jre/lib/i386/xawt/libmawt.so
0053c000-0053d000 rw-p 00000000 00:00 0 
0053d000-00546000 r-xp 00000000 08:01 2102393    /usr/lib/i386-linux-gnu/libXcursor.so.1.0.2
00546000-00547000 r--p 00008000 08:01 2102393    /usr/lib/i386-linux-gnu/libXcursor.so.1.0.2
00547000-00548000 rw-p 00009000 08:01 2102393    /usr/lib/i386-linux-gnu/libXcursor.so.1.0.2
0054e000-00574000 r-xp 00000000 08:01 2112878    /usr/lib/jvm/java-6-openjdk/jre/lib/i386/libjava.so
00574000-00575000 r--p 00025000 08:01 2112878    /usr/lib/jvm/java-6-openjdk/jre/lib/i386/libjava.so
00575000-00577000 rw-p 00026000 08:01 2112878    /usr/lib/jvm/java-6-openjdk/jre/lib/i386/libjava.so
00577000-005d1000 r-xp 00000000 08:01 6816176    /tmp/libgdxruss/553733341/liblwjgl.so
005d1000-005d2000 ---p 0005a000 08:01 6816176    /tmp/libgdxruss/553733341/liblwjgl.so
005d2000-005d3000 r--p 0005a000 08:01 6816176    /tmp/libgdxruss/553733341/liblwjgl.so
005d3000-005d4000 rw-p 0005b000 08:01 6816176    /tmp/libgdxruss/553733341/liblwjgl.so
005d4000-005da000 r-xp 00000000 08:01 2102546    /usr/lib/i386-linux-gnu/libjson.so.0.0.1
005da000-005db000 r--p 00005000 08:01 2102546    /usr/lib/i386-linux-gnu/libjson.so.0.0.1
005db000-005dc000 rw-p 00006000 08:01 2102546    /usr/lib/i386-linux-gnu/libjson.so.0.0.1
005dc000-005e4000 r-xp 00000000 08:01 7078902    /lib/i386-linux-gnu/libwrap.so.0.7.6
005e4000-005e5000 r--p 00007000 08:01 7078902    /lib/i386-linux-gnu/libwrap.so.0.7.6
005e5000-005e6000 rw-p 00008000 08:01 7078902    /lib/i386-linux-gnu/libwrap.so.0.7.6
005e6000-005ec000 r-xp 00000000 08:01 2102589    /usr/lib/i386-linux-gnu/libogg.so.0.7.1
005ec000-005ed000 r--p 00005000 08:01 2102589    /usr/lib/i386-linux-gnu/libogg.so.0.7.1
005ed000-005ee000 rw-p 00006000 08:01 2102589    /usr/lib/i386-linux-gnu/libogg.so.0.7.1
005f3000-00606000 r-xp 00000000 08:01 7078904    /lib/i386-linux-gnu/libz.so.1.2.3.4
00606000-00607000 r--p 00012000 08:01 7078904    /lib/i386-linux-gnu/libz.so.1.2.3.4
00607000-00608000 rw-p 00013000 08:01 7078904    /lib/i386-linux-gnu/libz.so.1.2.3.4
00608000-00739000 r-xp 00000000 08:01 2102387    /usr/lib/i386-linux-gnu/libX11.so.6.3.0
00739000-0073a000 ---p 00131000 08:01 2102387    /usr/lib/i386-linux-gnu/libX11.so.6.3.0
0073a000-0073b000 r--p 00131000 08:01 2102387    /usr/lib/i386-linux-gnu/libX11.so.6.3.0
0073b000-0073d000 rw-p 00132000 08:01 2102387    /usr/lib/i386-linux-gnu/libX11.so.6.3.0
0073d000-0073e000 rw-p 00000000 00:00 0 
0073e000-007d0000 r-xp 00000000 08:01 2099281    /usr/lib/i386-linux-gnu/libfreetype.so.6.6.2
007d0000-007d4000 r--p 00091000 08:01 2099281    /usr/lib/i386-linux-gnu/libfreetype.so.6.6.2
007d4000-007d5000 rw-p 00095000 08:01 2099281    /usr/lib/i386-linux-gnu/libfreetype.so.6.6.2
007dc000-007dd000 r-xp 00000000 08:01 2112873    /usr/lib/jvm/java-6-openjdk/jre/lib/i386/libjawt.so
007dd000-007de000 r--p 00000000 08:01 2112873    /usr/lib/jvm/java-6-openjdk/jre/lib/i386/libjawt.so
007de000-007df000 rw-p 00001000 08:01 2112873    /usr/lib/jvm/java-6-openjdk/jre/lib/i386/libjawt.so
007e4000-007fb000 r-xp 00000000 08:01 7081933    /lib/i386-linux-gnu/libpthread-2.13.so
007fb000-007fc000 r--p 00016000 08:01 7081933    /lib/i386-linux-gnu/libpthread-2.13.so
007fc000-007fd000 rw-p 00017000 08:01 7081933    /lib/i386-linux-gnu/libpthread-2.13.so
007fd000-007ff000 rw-p 00000000 00:00 0 
007ff000-00844000 r-xp 00000000 08:01 6816169    /tmp/libgdxruss/553733341/libopenal.so
00844000-00845000 r--p 00045000 08:01 6816169    /tmp/libgdxruss/553733341/libopenal.so
00845000-00846000 rw-p 00046000 08:01 6816169    /tmp/libgdxruss/553733341/libopenal.so
00846000-00892000 r-xp 00000000 08:01 2099310    /usr/lib/i386-linux-gnu/libpulse.so.0.13.4
00892000-00893000 r--p 0004b000 08:01 2099310    /usr/lib/i386-linux-gnu/libpulse.so.0.13.4
00893000-00894000 rw-p 0004c000 08:01 2099310    /usr/lib/i386-linux-gnu/libpulse.so.0.13.4
00899000-008b7000 r-xp 00000000 08:01 7078039    /lib/i386-linux-gnu/ld-2.13.so
008b7000-008b8000 r--p 0001d000 08:01 7078039    /lib/i386-linux-gnu/ld-2.13.so
008b8000-008b9000 rw-p 0001e000 08:01 7078039    /lib/i386-linux-gnu/ld-2.13.so
008b9000-008cc000 r-xp 00000000 08:01 7083612    /lib/i386-linux-gnu/libresolv-2.13.so
008cc000-008cd000 r--p 00012000 08:01 7083612    /lib/i386-linux-gnu/libresolv-2.13.so
008cd000-008ce000 rw-p 00013000 08:01 7083612    /lib/i386-linux-gnu/libresolv-2.13.so
008ce000-008d0000 rw-p 00000000 00:00 0 
008d0000-008df000 r-xp 00000000 08:01 2099308    /usr/lib/i386-linux-gnu/libglapi.so.0.0.0
008df000-008e1000 r--p 0000e000 08:01 2099308    /usr/lib/i386-linux-gnu/libglapi.so.0.0.0
008e1000-008e5000 rwxp 00010000 08:01 2099308    /usr/lib/i386-linux-gnu/libglapi.so.0.0.0
008e5000-008e6000 rwxp 00000000 00:00 0 
008e6000-008f0000 r-xp 00000000 08:01 2102478    /usr/lib/i386-linux-gnu/libdrm.so.2.4.0
008f0000-008f1000 r--p 00009000 08:01 2102478    /usr/lib/i386-linux-gnu/libdrm.so.2.4.0
008f1000-008f2000 rw-p 0000a000 08:01 2102478    /usr/lib/i386-linux-gnu/libdrm.so.2.4.0
008f6000-00913000 r-xp 00000000 08:01 2102685    /usr/lib/i386-linux-gnu/libxcb.so.1.1.0
00913000-00914000 r--p 0001c000 08:01 2102685    /usr/lib/i386-linux-gnu/libxcb.so.1.1.0
00914000-00915000 rw-p 0001d000 08:01 2102685    /usr/lib/i386-linux-gnu/libxcb.so.1.1.0
00915000-00978000 r-xp 00000000 08:01 2099312    /usr/lib/i386-linux-gnu/libpulsecommon-1.0.so
00978000-00979000 r--p 00062000 08:01 2099312    /usr/lib/i386-linux-gnu/libpulsecommon-1.0.so
00979000-0097a000 rw-p 00063000 08:01 2099312    /usr/lib/i386-linux-gnu/libpulsecommon-1.0.so
0097a000-009a0000 r-xp 00000000 08:01 7077998    /lib/i386-linux-gnu/libexpat.so.1.5.2
009a0000-009a2000 r--p 00026000 08:01 7077998    /lib/i386-linux-gnu/libexpat.so.1.5.2
009a2000-009a3000 rw-p 00028000 08:01 7077998    /lib/i386-linux-gnu/libexpat.so.1.5.2
009a5000-009a9000 r-xp 00000000 08:01 2102417    /usr/lib/i386-linux-gnu/libXxf86vm.so.1.0.0
009a9000-009aa000 r--p 00003000 08:01 2102417    /usr/lib/i386-linux-gnu/libXxf86vm.so.1.0.0
009aa000-009ab000 rw-p 00004000 08:01 2102417    /usr/lib/i386-linux-gnu/libXxf86vm.so.1.0.0
009ab000-009b6000 r-xp 00000000 08:01 2102480    /usr/lib/i386-linux-gnu/libdrm_intel.so.1.0.0
009b6000-009b7000 r--p 0000a000 08:01 2102480    /usr/lib/i386-linux-gnu/libdrm_intel.so.1.0.0
009b7000-009b8000 rw-p 0000b000 08:01 2102480    /usr/lib/i386-linux-gnu/libdrm_intel.so.1.0.0
009b9000-009bd000 r-xp 00000000 08:01 2112874    /usr/lib/jvm/java-6-openjdk/jre/lib/i386/jli/libjli.so
009bd000-009be000 r--p 00003000 08:01 2112874    /usr/lib/jvm/java-6-openjdk/jre/lib/i386/jli/libjli.so
009be000-009bf000 rw-p 00004000 08:01 2112874    /usr/lib/jvm/java-6-openjdk/jre/lib/i386/jli/libjli.so
009bf000-009c7000 r-xp 00000000 08:01 2102603    /usr/lib/i386-linux-gnu/libpciaccess.so.0.10.8
009c7000-009c8000 r--p 00007000 08:01 2102603    /usr/lib/i386-linux-gnu/libpciaccess.so.0.10.8
009c8000-009c9000 rw-p 00008000 08:01 2102603    /usr/lib/i386-linux-gnu/libpciaccess.so.0.10.8
009cc000-009d6000 r-xp 00000000 08:01 7081892    /lib/i386-linux-gnu/libnss_nis-2.13.so
009d6000-009d7000 r--p 00009000 08:01 7081892    /lib/i386-linux-gnu/libnss_nis-2.13.so
009d7000-009d8000 rw-p 0000a000 08:01 7081892    /lib/i386-linux-gnu/libnss_nis-2.13.so
009fd000-009fe000 r-xp 00000000 00:00 0          [vdso]
009fe000-00a4a000 r-xp 00000000 08:01 2102340    /usr/lib/i386-linux-gnu/libFLAC.so.8.2.0
00a4a000-00a4b000 r--p 0004b000 08:01 2102340    /usr/lib/i386-linux-gnu/libFLAC.so.8.2.0
00a4b000-00a4c000 rw-p 0004c000 08:01 2102340    /usr/lib/i386-linux-gnu/libFLAC.so.8.2.0
00a4d000-00a94000 r-xp 00000000 08:01 7078831    /lib/i386-linux-gnu/libdbus-1.so.3.5.7
00a94000-00a95000 r--p 00046000 08:01 7078831    /lib/i386-linux-gnu/libdbus-1.so.3.5.7
00a95000-00a96000 rw-p 00047000 08:01 7078831    /lib/i386-linux-gnu/libdbus-1.so.3.5.7
00a9c000-00ab1000 r-xp 00000000 08:01 7078893    /lib/i386-linux-gnu/libnsl-2.13.so
00ab1000-00ab2000 r--p 00015000 08:01 7078893    /lib/i386-linux-gnu/libnsl-2.13.so
00ab2000-00ab3000 rw-p 00016000 08:01 7078893    /lib/i386-linux-gnu/libnsl-2.13.so
00ab3000-00ab5000 rw-p 00000000 00:00 0 
00ab5000-00b20000 r-xp 00000000 08:01 2102641    /usr/lib/i386-linux-gnu/libsndfile.so.1.0.24
00b20000-00b21000 r--p 0006b000 08:01 2102641    /usr/lib/i386-linux-gnu/libsndfile.so.1.0.24
00b21000-00b22000 rw-p 0006c000 08:01 2102641    /usr/lib/i386-linux-gnu/libsndfile.so.1.0.24
00b22000-00b26000 rw-p 00000000 00:00 0 
00b29000-00b90000 r-xp 00000000 08:01 6816141    /tmp/libgdxruss/553733341/libgdx.so
00b90000-00b91000 r--p 00066000 08:01 6816141    /tmp/libgdxruss/553733341/libgdx.so
00b91000-00b92000 rw-p 00067000 08:01 6816141    /tmp/libgdxruss/553733341/libgdx.so
00bd8000-00bdc000 r-xp 00000000 08:01 2102401    /usr/lib/i386-linux-gnu/libXfixes.so.3.1.0
00bdc000-00bdd000 r--p 00003000 08:01 2102401    /usr/lib/i386-linux-gnu/libXfixes.so.3.1.0
00bdd000-00bde000 rw-p 00004000 08:01 2102401    /usr/lib/i386-linux-gnu/libXfixes.so.3.1.0
00bde000-00c2b000 r-xp 00000000 08:01 2097624    /usr/lib/i386-linux-gnu/mesa/libGL.so.1.2
00c2b000-00c2d000 r--p 0004c000 08:01 2097624    /usr/lib/i386-linux-gnu/mesa/libGL.so.1.2
00c2d000-00c31000 rwxp 0004e000 08:01 2097624    /usr/lib/i386-linux-gnu/mesa/libGL.so.1.2
00c31000-00c32000 rwxp 00000000 00:00 0 
00c47000-00c6f000 r-xp 00000000 08:01 7078046    /lib/i386-linux-gnu/libm-2.13.so
00c6f000-00c70000 r--p 00028000 08:01 7078046    /lib/i386-linux-gnu/libm-2.13.so
00c70000-00c71000 rw-p 00029000 08:01 7078046    /lib/i386-linux-gnu/libm-2.13.so
00cb8000-00cbd000 r-xp 00000000 08:01 2102423    /usr/lib/i386-linux-gnu/libasyncns.so.0.3.1
00cbd000-00cbe000 r--p 00004000 08:01 2102423    /usr/lib/i386-linux-gnu/libasyncns.so.0.3.1
00cbe000-00cbf000 rw-p 00005000 08:01 2102423    /usr/lib/i386-linux-gnu/libasyncns.so.0.3.1
00cf1000-00cfa000 r-xp 00000000 08:01 2102411    /usr/lib/i386-linux-gnu/libXrender.so.1.3.0
00cfa000-00cfb000 r--p 00008000 08:01 2102411    /usr/lib/i386-linux-gnu/libXrender.so.1.3.0
00cfb000-00cfc000 rw-p 00009000 08:01 2102411    /usr/lib/i386-linux-gnu/libXrender.so.1.3.0
00cfc000-00db8000 r-xp 00000000 08:01 2099290    /usr/lib/i386-linux-gnu/dri/i965_dri.so
00db8000-00dba000 r--p 000bc000 08:01 2099290    /usr/lib/i386-linux-gnu/dri/i965_dri.so
00dba000-00dbc000 rw-p 000be000 08:01 2099290    /usr/lib/i386-linux-gnu/dri/i965_dri.so
00dbc000-00dbd000 rw-p 00000000 00:00 0 
00dfd000-00e04000 r-xp 00000000 08:01 2102409    /usr/lib/i386-linux-gnu/libXrandr.so.2.2.0
00e04000-00e05000 r--p 00006000 08:01 2102409    /usr/lib/i386-linux-gnu/libXrandr.so.2.2.0
00e05000-00e06000 rw-p 00007000 08:01 2102409    /usr/lib/i386-linux-gnu/libXrandr.so.2.2.0
00e08000-00e31000 r-xp 00000000 08:01 2099328    /usr/lib/i386-linux-gnu/libvorbis.so.0.4.5
00e31000-00e32000 r--p 00028000 08:01 2099328    /usr/lib/i386-linux-gnu/libvorbis.so.0.4.5
00e32000-00e33000 rw-p 00029000 08:01 2099328    /usr/lib/i386-linux-gnu/libvorbis.so.0.4.5
00e5c000-00e67000 r-xp 00000000 08:01 7078951    /lib/i386-linux-gnu/libnss_files-2.13.so
00e67000-00e68000 r--p 0000a000 08:01 7078951    /lib/i386-linux-gnu/libnss_files-2.13.so
00e68000-00e69000 rw-p 0000b000 08:01 7078951    /lib/i386-linux-gnu/libnss_files-2.13.so
00ebe000-00ec3000 r-xp 00000000 08:01 2099956    /usr/lib/libXtst.so.6.1.0
00ec3000-00ec4000 r--p 00004000 08:01 2099956    /usr/lib/libXtst.so.6.1.0
00ec4000-00ec5000 rw-p 00005000 08:01 2099956    /usr/lib/libXtst.so.6.1.0
00f31000-00f38000 r-xp 00000000 08:01 7083613    /lib/i386-linux-gnu/librt-2.13.so
00f38000-00f39000 r--p 00006000 08:01 7083613    /lib/i386-linux-gnu/librt-2.13.so
00f39000-00f3a000 rw-p 00007000 08:01 7083613    /lib/i386-linux-gnu/librt-2.13.so
00f3d000-00f40000 r-xp 00000000 08:01 7078045    /lib/i386-linux-gnu/libdl-2.13.so
00f40000-00f41000 r--p 00002000 08:01 7078045    /lib/i386-linux-gnu/libdl-2.13.so
00f41000-00f42000 rw-p 00003000 08:01 7078045    /lib/i386-linux-gnu/libdl-2.13.so
00f42000-01455000 r-xp 00000000 08:01 2112885    /usr/lib/jvm/java-6-openjdk/jre/lib/i386/client/libjvm.so
01455000-0146c000 r--p 00512000 08:01 2112885    /usr/lib/jvm/java-6-openjdk/jre/lib/i386/client/libjvm.so
0146c000-01479000 rw-p 00529000 08:01 2112885    /usr/lib/jvm/java-6-openjdk/jre/lib/i386/client/libjvm.so
01479000-01891000 rw-p 00000000 00:00 0 
02133000-02361000 r-xp 00000000 08:01 2099291    /usr/lib/i386-linux-gnu/dri/libdricore.so
02361000-02362000 ---p 0022e000 08:01 2099291    /usr/lib/i386-linux-gnu/dri/libdricore.so
02362000-02368000 r--p 0022e000 08:01 2099291    /usr/lib/i386-linux-gnu/dri/libdricore.so
02368000-0236a000 rw-p 00234000 08:01 2099291    /usr/lib/i386-linux-gnu/dri/libdricore.so
0236a000-0237a000 rw-p 00000000 00:00 0 
06697000-067fd000 r-xp 00000000 08:01 2099326    /usr/lib/i386-linux-gnu/libvorbisenc.so.2.0.8
067fd000-0680e000 r--p 00165000 08:01 2099326    /usr/lib/i386-linux-gnu/libvorbisenc.so.2.0.8
0680e000-0680f000 rw-p 00176000 08:01 2099326    /usr/lib/i386-linux-gnu/libvorbisenc.so.2.0.8
06f10000-0701c000 r-xp 00000000 08:01 2099301    /usr/lib/i386-linux-gnu/dri/libglsl.so
0701c000-07021000 r--p 0010b000 08:01 2099301    /usr/lib/i386-linux-gnu/dri/libglsl.so
07021000-07023000 rw-p 00110000 08:01 2099301    /usr/lib/i386-linux-gnu/dri/libglsl.so
07023000-07024000 rw-p 00000000 00:00 0 
08048000-08051000 r-xp 00000000 08:01 2237119    /usr/lib/jvm/java-6-openjdk/jre/bin/java
08051000-08052000 r--p 00008000 08:01 2237119    /usr/lib/jvm/java-6-openjdk/jre/bin/java
08052000-08053000 rw-p 00009000 08:01 2237119    /usr/lib/jvm/java-6-openjdk/jre/bin/java
09f1f000-0aa6b000 rw-p 00000000 00:00 0          [heap]
6f8f0000-6fe40000 rw-p 00000000 00:00 0 
6fe40000-7a390000 rw-p 00000000 00:00 0 
7a390000-7ae40000 rw-p 00000000 00:00 0 
7ae40000-8f8f0000 rw-p 00000000 00:00 0 
8f8f0000-904f0000 rw-p 00000000 00:00 0 
904f0000-938f0000 rw-p 00000000 00:00 0 
938f0000-94051000 r--s 00001000 08:01 2113390    /usr/lib/jvm/java-6-openjdk/jre/lib/i386/client/classes.jsa
94051000-942f0000 rw-p 00000000 00:00 0 
942f0000-94a3b000 rw-p 00762000 08:01 2113390    /usr/lib/jvm/java-6-openjdk/jre/lib/i386/client/classes.jsa
94a3b000-94ef0000 rw-p 00000000 00:00 0 
94ef0000-94fec000 rw-p 00ead000 08:01 2113390    /usr/lib/jvm/java-6-openjdk/jre/lib/i386/client/classes.jsa
94fec000-952f0000 rw-p 00000000 00:00 0 
952f0000-952f8000 r-xs 00fa9000 08:01 2113390    /usr/lib/jvm/java-6-openjdk/jre/lib/i386/client/classes.jsa
952f8000-956f0000 rw-p 00000000 00:00 0 
ac272000-b0273000 rw-s 00000000 00:12 148604     /run/shm/pulse-shm-119914872
b0273000-b027a000 r--s 00000000 08:01 2098787    /usr/lib/i386-linux-gnu/gconv/gconv-modules.cache
b1500000-b159c000 rw-p 00000000 00:00 0 
b159c000-b1600000 ---p 00000000 00:00 0 
b1636000-b3932000 rw-p 00000000 00:00 0 
b3985000-b3986000 rw-s 1892f000 00:05 7030       /dev/dri/card0
b3986000-b3987000 rw-s 1892e000 00:05 7030       /dev/dri/card0
b3987000-b399b000 rw-s 1891a000 00:05 7030       /dev/dri/card0
b399b000-b39af000 rw-s 18906000 00:05 7030       /dev/dri/card0
b39af000-b39b2000 ---p 00000000 00:00 0 
b39b2000-b3a00000 rw-p 00000000 00:00 0 
b3a00000-b3a03000 ---p 00000000 00:00 0 
b3a03000-b3a51000 rw-p 00000000 00:00 0 
b3a51000-b3a52000 ---p 00000000 00:00 0 
b3a52000-b427b000 rw-p 00000000 00:00 0 
b427b000-b427c000 ---p 00000000 00:00 0 
b427c000-b4a7c000 rw-p 00000000 00:00 0 
b4a7c000-b4a7f000 ---p 00000000 00:00 0 
b4a7f000-b4acd000 rw-p 00000000 00:00 0 
b4acd000-b4ad4000 r--s 000fb000 08:01 2114492    /usr/lib/jvm/java-6-openjdk/jre/lib/resources.jar
b4ad4000-b4ad5000 r--s 00000000 08:01 9437332    /var/cache/fontconfig/c05880de57d1f5e948fdfacc138775d9-le32d4.cache-3
b4ad5000-b4adb000 r--s 00000000 08:01 9437329    /var/cache/fontconfig/945677eb7aeaf62f1d50efc3fb3ec7d8-le32d4.cache-3
b4adb000-b4add000 r--s 00000000 08:01 9437330    /var/cache/fontconfig/99e8ed0e538f840c565b6ed5dad60d56-le32d4.cache-3
b4add000-b4ae0000 r--s 00000000 08:01 9437340    /var/cache/fontconfig/e383d7ea5fbe662a33d9b44caf393297-le32d4.cache-3
b4ae0000-b4ae3000 r--s 00000000 08:01 9437317    /var/cache/fontconfig/2cd17615ca594fa2959ae173292e504c-le32d4.cache-3
b4ae3000-b4ae4000 r--s 00000000 08:01 9445468    /var/cache/fontconfig/e3fa16a14183b06aa45b3e009278fd14-le32d4.cache-3
b4ae4000-b4ae5000 r--s 00000000 08:01 9437341    /var/cache/fontconfig/e7071f4a29fa870f4323321c154eba04-le32d4.cache-3
b4ae5000-b4ae7000 r--s 00000000 08:01 9446641    /var/cache/fontconfig/b5ea634b0fb353b8ea17632d1f9ef766-le32d4.cache-3
b4ae7000-b4aeb000 r--s 00000000 08:01 9437326    /var/cache/fontconfig/6eb3985aa4124903f6ff08ba781cd364-le32d4.cache-3
b4aeb000-b4aec000 r--s 00000000 08:01 9437321    /var/cache/fontconfig/4c73fe0c47614734b17d736dbde7580a-le32d4.cache-3
b4aec000-b4aed000 r--s 00000000 08:01 9437314    /var/cache/fontconfig/0d8c3b2ac0904cb8a57a757ad11a4a08-le32d4.cache-3
b4aed000-b4aee000 r--s 00000000 08:01 9437324    /var/cache/fontconfig/6a53c69dea097a2d716e069445527da8-le32d4.cache-3
b4aee000-b4af2000 r--s 00000000 08:01 9437331    /var/cache/fontconfig/a755afe4a08bf5b97852ceb7400b47bc-le32d4.cache-3
b4af2000-b4af3000 r--s 00000000 08:01 9445467    /var/cache/fontconfig/79517df041c92e3f2b4a9700e7dbe3c7-le32d4.cache-3
b4af3000-b4af4000 r--s 00000000 08:01 9445465    /var/cache/fontconfig/4abdb2dd99886b2b2d3168a6b22d0473-le32d4.cache-3
b4af4000-b4af5000 r--s 00000000 08:01 9445460    /var/cache/fontconfig/b9af901c4f3947128be824d599af5f25-le32d4.cache-3
b4af5000-b4af6000 r--s 00000000 08:01 9445459    /var/cache/fontconfig/a18183678af55fd6535fa2d00e080189-le32d4.cache-3
b4af6000-b4af8000 r--s 00000000 08:01 9445455    /var/cache/fontconfig/90e84e89a4382a8db77728561d41356d-le32d4.cache-3
b4af8000-b4af9000 r--s 00000000 08:01 9445454    /var/cache/fontconfig/b73ae53b2eee308c3d7feb99ac2d34cd-le32d4.cache-3
b4af9000-b4afa000 r--s 00000000 08:01 9445448    /var/cache/fontconfig/407fd690308a0b04640307de6deab6da-le32d4.cache-3
b4afa000-b4afc000 r--s 00000000 08:01 9445447    /var/cache/fontconfig/8039e78ad04dad2b193eec8c5f90bc4d-le32d4.cache-3
b4afc000-b4afd000 r--s 00000000 08:01 9445445    /var/cache/fontconfig/27f6fa40476fb33ad65cb210c133a216-le32d4.cache-3
b4afd000-b4afe000 r--s 00000000 08:01 9445440    /var/cache/fontconfig/98d684ad3abba16030bd60992dc9c5d7-le32d4.cache-3
b4afe000-b4b00000 r--s 00000000 08:01 9438318    /var/cache/fontconfig/9123b38b1c36356a690c2f0bc4cbf728-le32d4.cache-3
b4b00000-b4b04000 r--s 00000000 08:01 9447625    /var/cache/fontconfig/515ca1ebc4b18308bea979be5704f9db-le32d4.cache-3
b4b04000-b4b0b000 r--s 00000000 08:01 9444429    /var/cache/fontconfig/6d41288fd70b0be22e8c3a91e032eec0-le32d4.cache-3
b4b0b000-b4b16000 r--s 00000000 08:01 9437315    /var/cache/fontconfig/0f34bcd4b6ee430af32735b75db7f02b-le32d4.cache-3
b4b16000-b4b1b000 r--s 00000000 08:01 9437337    /var/cache/fontconfig/d60319d88cac85ba9e1a07bd06cfbb8c-le32d4.cache-3
b4b1b000-b4b1c000 r--s 00000000 08:01 9446857    /var/cache/fontconfig/4794a0821666d79190d59a36cb4f44b5-le32d4.cache-3
b4b1c000-b4b3e000 r--s 00000000 08:01 9447559    /var/cache/fontconfig/365b55f210c0a22e9a19e35191240f32-le32d4.cache-3
b4b3e000-b4b40000 r--s 00000000 08:01 9440604    /var/cache/fontconfig/4345ce61bb1f6efbc6be7b9f7dc82408-le32d4.cache-3
b4b40000-b4b4d000 r--s 00000000 08:01 9437336    /var/cache/fontconfig/d52a8644073d54c13679302ca1180695-le32d4.cache-3
b4b4d000-b4b53000 r--s 00000000 08:01 9447624    /var/cache/fontconfig/153bb866d4d26e7cd19eee2129f8d8d2-le32d4.cache-3
b4b53000-b4b65000 r--s 00000000 08:01 9439193    /var/cache/fontconfig/e13b20fdb08344e0e664864cc2ede53d-le32d4.cache-3
b4b65000-b4b69000 r--s 00000000 08:01 9447560    /var/cache/fontconfig/7ef2298fde41cc6eeb7af42e48b7d293-le32d4.cache-3
b4b69000-b4b6f000 r--s 00000000 08:01 9445592    /var/cache/fontconfig/b83386915dae36184c7e3985fd26e4b1-le32d4.cache-3
b4b6f000-b4b7d000 r--s 00000000 08:01 9445562    /var/cache/fontconfig/865f88548240fee46819705c6468c165-le32d4.cache-3
b4b7d000-b4b7e000 r--s 00000000 08:01 9437332    /var/cache/fontconfig/c05880de57d1f5e948fdfacc138775d9-le32d4.cache-3
b4b7e000-b4b84000 r--s 00000000 08:01 9437329    /var/cache/fontconfig/945677eb7aeaf62f1d50efc3fb3ec7d8-le32d4.cache-3
b4b84000-b4b86000 r--s 00000000 08:01 9437330    /var/cache/fontconfig/99e8ed0e538f840c565b6ed5dad60d56-le32d4.cache-3
b4b86000-b4b89000 r--s 00000000 08:01 9437340    /var/cache/fontconfig/e383d7ea5fbe662a33d9b44caf393297-le32d4.cache-3
b4b89000-b4b8c000 r--s 00000000 08:01 9437317    /var/cache/fontconfig/2cd17615ca594fa2959ae173292e504c-le32d4.cache-3
b4b8c000-b4b8d000 r--s 00000000 08:01 9445468    /var/cache/fontconfig/e3fa16a14183b06aa45b3e009278fd14-le32d4.cache-3
b4b8d000-b4b8e000 r--s 00000000 08:01 9437341    /var/cache/fontconfig/e7071f4a29fa870f4323321c154eba04-le32d4.cache-3
b4b8e000-b4b90000 r--s 00000000 08:01 9446641    /var/cache/fontconfig/b5ea634b0fb353b8ea17632d1f9ef766-le32d4.cache-3
b4b90000-b4b94000 r--s 00000000 08:01 9437326    /var/cache/fontconfig/6eb3985aa4124903f6ff08ba781cd364-le32d4.cache-3
b4b94000-b4b95000 r--s 00000000 08:01 9437321    /var/cache/fontconfig/4c73fe0c47614734b17d736dbde7580a-le32d4.cache-3
b4b95000-b4b96000 r--s 00000000 08:01 9437314    /var/cache/fontconfig/0d8c3b2ac0904cb8a57a757ad11a4a08-le32d4.cache-3
b4b96000-b4b97000 r--s 00000000 08:01 9437324    /var/cache/fontconfig/6a53c69dea097a2d716e069445527da8-le32d4.cache-3
b4b97000-b4b9b000 r--s 00000000 08:01 9437331    /var/cache/fontconfig/a755afe4a08bf5b97852ceb7400b47bc-le32d4.cache-3
b4b9b000-b4b9c000 r--s 00000000 08:01 9445467    /var/cache/fontconfig/79517df041c92e3f2b4a9700e7dbe3c7-le32d4.cache-3
b4b9c000-b4b9d000 r--s 00000000 08:01 9445465    /var/cache/fontconfig/4abdb2dd99886b2b2d3168a6b22d0473-le32d4.cache-3
b4b9d000-b4b9e000 r--s 00000000 08:01 9445460    /var/cache/fontconfig/b9af901c4f3947128be824d599af5f25-le32d4.cache-3
b4b9e000-b4b9f000 r--s 00000000 08:01 9445459    /var/cache/fontconfig/a18183678af55fd6535fa2d00e080189-le32d4.cache-3
b4b9f000-b4ba1000 r--s 00000000 08:01 9445455    /var/cache/fontconfig/90e84e89a4382a8db77728561d41356d-le32d4.cache-3
b4ba1000-b4ba2000 r--s 00000000 08:01 9445454    /var/cache/fontconfig/b73ae53b2eee308c3d7feb99ac2d34cd-le32d4.cache-3
b4ba2000-b4ba3000 r--s 00000000 08:01 9445448    /var/cache/fontconfig/407fd690308a0b04640307de6deab6da-le32d4.cache-3
b4ba3000-b4ba5000 r--s 00000000 08:01 9445447    /var/cache/fontconfig/8039e78ad04dad2b193eec8c5f90bc4d-le32d4.cache-3
b4ba5000-b4ba6000 r--s 00000000 08:01 9445445    /var/cache/fontconfig/27f6fa40476fb33ad65cb210c133a216-le32d4.cache-3
b4ba6000-b4ba7000 r--s 00000000 08:01 9445440    /var/cache/fontconfig/98d684ad3abba16030bd60992dc9c5d7-le32d4.cache-3
b4ba7000-b4ba9000 r--s 00000000 08:01 9438318    /var/cache/fontconfig/9123b38b1c36356a690c2f0bc4cbf728-le32d4.cache-3
b4ba9000-b4bad000 r--s 00000000 08:01 9447625    /var/cache/fontconfig/515ca1ebc4b18308bea979be5704f9db-le32d4.cache-3
b4bad000-b4bb4000 r--s 00000000 08:01 9444429    /var/cache/fontconfig/6d41288fd70b0be22e8c3a91e032eec0-le32d4.cache-3
b4bb4000-b4bbf000 r--s 00000000 08:01 9437315    /var/cache/fontconfig/0f34bcd4b6ee430af32735b75db7f02b-le32d4.cache-3
b4bbf000-b4be1000 r--s 00000000 08:01 9447559    /var/cache/fontconfig/365b55f210c0a22e9a19e35191240f32-le32d4.cache-3
b4be1000-b4bee000 r--s 00000000 08:01 9437336    /var/cache/fontconfig/d52a8644073d54c13679302ca1180695-le32d4.cache-3
b4bee000-b4c00000 r--s 00000000 08:01 9439193    /var/cache/fontconfig/e13b20fdb08344e0e664864cc2ede53d-le32d4.cache-3
b4c00000-b4cff000 rw-p 00000000 00:00 0 
b4cff000-b4d00000 ---p 00000000 00:00 0 
b4d00000-b4d01000 rw-s 00000000 00:04 148779     /drm mm object (deleted)
b4d01000-b4d06000 r--s 00000000 08:01 9437337    /var/cache/fontconfig/d60319d88cac85ba9e1a07bd06cfbb8c-le32d4.cache-3
b4d06000-b4d08000 r--s 00000000 08:01 9440604    /var/cache/fontconfig/4345ce61bb1f6efbc6be7b9f7dc82408-le32d4.cache-3
b4d08000-b4d0e000 r--s 00000000 08:01 9447624    /var/cache/fontconfig/153bb866d4d26e7cd19eee2129f8d8d2-le32d4.cache-3
b4d0e000-b4d12000 r--s 00000000 08:01 9447560    /var/cache/fontconfig/7ef2298fde41cc6eeb7af42e48b7d293-le32d4.cache-3
b4d12000-b4d18000 r--s 00000000 08:01 9445592    /var/cache/fontconfig/b83386915dae36184c7e3985fd26e4b1-le32d4.cache-3
b4d18000-b4d26000 r--s 00000000 08:01 9445562    /var/cache/fontconfig/865f88548240fee46819705c6468c165-le32d4.cache-3
b4d26000-b4d29000 ---p 00000000 00:00 0 
b4d29000-b4d77000 rw-p 00000000 00:00 0 
b4d77000-b4d8a000 r--s 0013c000 08:01 4998657    /home/russ/Dropbox/java/bullethell-desktop/libs/gdx-backend-lwjgl.jar
b4d8a000-b4d99000 r--s 000e8000 08:01 4998463    /home/russ/Dropbox/java/bullethell/libs/gdx.jar
b4d99000-b4d9a000 ---p 00000000 00:00 0 
b4d9a000-b4e1a000 rw-p 00000000 00:00 0 
b4e1a000-b4e1d000 ---p 00000000 00:00 0 
b4e1d000-b4e6b000 rw-p 00000000 00:00 0 
b4e6b000-b4e6e000 ---p 00000000 00:00 0 
b4e6e000-b4eec000 rw-p 00000000 00:00 0 
b4eec000-b4eef000 ---p 00000000 00:00 0 
b4eef000-b4f3d000 rw-p 00000000 00:00 0 
b4f3d000-b502c000 r--p 00858000 08:01 2104254    /usr/lib/locale/locale-archive
b502c000-b522c000 r--p 00000000 08:01 2104254    /usr/lib/locale/locale-archive
b522c000-b522f000 ---p 00000000 00:00 0 
b522f000-b527d000 rw-p 00000000 00:00 0 
b527d000-b5280000 ---p 00000000 00:00 0 
b5280000-b52ce000 rw-p 00000000 00:00 0 
b52ce000-b52cf000 ---p 00000000 00:00 0 
b52cf000-b5382000 rw-p 00000000 00:00 0 
b5382000-b5512000 r--s 037bc000 08:01 2112848    /usr/lib/jvm/java-6-openjdk/jre/lib/rt.jar
b5512000-b5520000 rw-p 00000000 00:00 0 
b5520000-b553a000 rw-p 00000000 00:00 0 
b553a000-b5540000 rw-p 00000000 00:00 0 
b5540000-b55e5000 rw-p 00000000 00:00 0 
b55e5000-b55e8000 rw-p 00000000 00:00 0 
b55e8000-b563a000 rw-p 00000000 00:00 0 
b563a000-b5640000 rw-p 00000000 00:00 0 
b5640000-b56e5000 rw-p 00000000 00:00 0 
b56e5000-b56eb000 rw-p 00000000 00:00 0 
b56eb000-b5705000 rw-p 00000000 00:00 0 
b5705000-b5716000 rw-p 00000000 00:00 0 
b5716000-b5791000 rw-p 00000000 00:00 0 
b5791000-b5899000 rwxp 00000000 00:00 0 
b5899000-b7791000 rw-p 00000000 00:00 0 
b7791000-b7794000 ---p 00000000 00:00 0 
b7794000-b77e5000 rw-p 00000000 00:00 0 
b77e5000-b77e6000 r--s 00000000 08:01 9446857    /var/cache/fontconfig/4794a0821666d79190d59a36cb4f44b5-le32d4.cache-3
b77e6000-b77e7000 r--s 00127000 08:01 4998634    /home/russ/Dropbox/java/bullethell-desktop/libs/gdx-natives.jar
b77e7000-b77e8000 r--s 0014e000 08:01 4998471    /home/russ/Dropbox/java/bullethell-desktop/libs/gdx-backend-lwjgl-natives.jar
b77e8000-b77ea000 r--s 0000f000 08:01 2114497    /usr/lib/jvm/java-6-openjdk/jre/lib/ext/pulse-java.jar
b77ea000-b77f0000 rw-p 00000000 00:00 0 
b77f0000-b77f8000 rw-s 00000000 08:01 6816133    /tmp/hsperfdata_russ/8753
b77f8000-b77f9000 rw-p 00000000 00:00 0 
b77f9000-b77fa000 r--p 00000000 00:00 0 
b77fa000-b77fc000 rw-p 00000000 00:00 0 
bfc04000-bfc25000 rw-p 00000000 00:00 0          [stack]

VM Arguments:
jvm_args: -Dfile.encoding=UTF-8 
java_command: bullethell.Main
Launcher Type: SUN_STANDARD

Environment Variables:
PATH=/home/russ/CodeSourcery/Sourcery_CodeBench_Lite_for_MIPS_GNU_Linux/bin:/usr/lib/lightdm/lightdm:/usr/local/sbin:/usr/local/bin:/usr/sbin:/usr/bin:/sbin:/bin:/usr/games
USERNAME=russ
LD_LIBRARY_PATH=/usr/lib/jvm/java-6-openjdk/jre/lib/i386/client:/usr/lib/jvm/java-6-openjdk/jre/lib/i386:/usr/lib/jvm/java-6-openjdk/jre/../lib/i386:/usr/lib/jvm/java-6-openjdk/jre/lib/i386/client:/usr/lib/jvm/java-6-openjdk/jre/lib/i386:
SHELL=/bin/bash
DISPLAY=:0.0

Signal Handlers:
SIGSEGV: [libjvm.so+0x3e3850], sa_mask[0]=0x7ffbfeff, sa_flags=0x10000004
SIGBUS: [libjvm.so+0x3e3850], sa_mask[0]=0x7ffbfeff, sa_flags=0x10000004
SIGFPE: [libjvm.so+0x300eb0], sa_mask[0]=0x7ffbfeff, sa_flags=0x10000004
SIGPIPE: [libjvm.so+0x300eb0], sa_mask[0]=0x7ffbfeff, sa_flags=0x10000004
SIGXFSZ: [libjvm.so+0x300eb0], sa_mask[0]=0x7ffbfeff, sa_flags=0x10000004
SIGILL: [libjvm.so+0x300eb0], sa_mask[0]=0x7ffbfeff, sa_flags=0x10000004
SIGUSR1: SIG_DFL, sa_mask[0]=0x00000000, sa_flags=0x00000000
SIGUSR2: [libjvm.so+0x300d40], sa_mask[0]=0x00000004, sa_flags=0x10000004
SIGHUP: [libjvm.so+0x303de0], sa_mask[0]=0x7ffbfeff, sa_flags=0x10000004
SIGINT: [libjvm.so+0x303de0], sa_mask[0]=0x7ffbfeff, sa_flags=0x10000004
SIGTERM: [libjvm.so+0x303de0], sa_mask[0]=0x7ffbfeff, sa_flags=0x10000004
SIGQUIT: [libjvm.so+0x303de0], sa_mask[0]=0x7ffbfeff, sa_flags=0x10000004


---------------  S Y S T E M  ---------------

OS:Ubuntu 11.10 (oneiric)
uname:Linux 3.0.0-24-generic #40-Ubuntu SMP Tue Jul 24 15:36:59 UTC 2012 i686
libc:glibc 2.13 NPTL 2.13 
rlimit: STACK 8192k, CORE 0k, NPROC 14960, NOFILE 4096, AS infinity
load average:3.75 2.47 1.92

/proc/meminfo:
MemTotal:        1928992 kB
MemFree:          199156 kB
Buffers:           80508 kB
Cached:           666088 kB
SwapCached:         1388 kB
Active:           729900 kB
Inactive:         905244 kB
Active(anon):     462452 kB
Inactive(anon):   578284 kB
Active(file):     267448 kB
Inactive(file):   326960 kB
Unevictable:          16 kB
Mlocked:              16 kB
HighTotal:       1053080 kB
HighFree:          13464 kB
LowTotal:         875912 kB
LowFree:          185692 kB
SwapTotal:       1960956 kB
SwapFree:        1949076 kB
Dirty:              2188 kB
Writeback:           468 kB
AnonPages:        887316 kB
Mapped:           112764 kB
Shmem:            152144 kB
Slab:              58320 kB
SReclaimable:      44868 kB
SUnreclaim:        13452 kB
KernelStack:        3648 kB
PageTables:         8244 kB
NFS_Unstable:          0 kB
Bounce:                0 kB
WritebackTmp:          0 kB
CommitLimit:     2925452 kB
Committed_AS:    3325676 kB
VmallocTotal:     122880 kB
VmallocUsed:       23376 kB
VmallocChunk:      91828 kB
HardwareCorrupted:     0 kB
AnonHugePages:         0 kB
HugePages_Total:       0
HugePages_Free:        0
HugePages_Rsvd:        0
HugePages_Surp:        0
Hugepagesize:       4096 kB
DirectMap4k:       16376 kB
DirectMap4M:      892928 kB


CPU:total 1 (1 cores per cpu, 1 threads per core) family 6 model 23 stepping 10, cmov, cx8, fxsr, mmx, sse, sse2, sse3, ssse3

Memory: 4k page, physical 1928992k(199156k free), swap 1960956k(1949076k free)

vm_info: OpenJDK Client VM (20.0-b12) for linux-x86 JRE (1.6.0_24-b24), built on Jun 28 2012 20:48:09 by "buildd" with gcc 4.6.1

time: Sat Dec 22 19:08:56 2012
elapsed time: 50 seconds

